<?xml version="1.0" encoding="UTF-8"?>
<testng-results skipped="0" failed="0" ignored="0" total="1" passed="1">
  <reporter-output>
  </reporter-output>
  <suite name="Surefire suite" duration-ms="43670" started-at="2020-07-06T03:10:16Z" finished-at="2020-07-06T03:11:00Z">
    <groups>
    </groups>
    <test name="Surefire test" duration-ms="43670" started-at="2020-07-06T03:10:16Z" finished-at="2020-07-06T03:11:00Z">
      <class name="mavenpom.Mvnwithpom.CheckValidUserTest">
        <test-method status="PASS" signature="verifyvaliduser()[pri:0, instance:mavenpom.Mvnwithpom.CheckValidUserTest@246ae04d]" name="verifyvaliduser" duration-ms="43631" started-at="2020-07-06T03:10:16Z" finished-at="2020-07-06T03:11:00Z">
          <reporter-output>
          </reporter-output>
        </test-method> <!-- verifyvaliduser -->
      </class> <!-- mavenpom.Mvnwithpom.CheckValidUserTest -->
    </test> <!-- Surefire test -->
  </suite> <!-- Surefire suite -->
</testng-results>
